2022-03-10 11:36:47 [INFO] 开始企业微信测试 (test_wework.py:29)
2022-03-10 11:36:47 [INFO] 开始本次测试 (wework_app.py:15)
2022-03-10 11:36:52 [INFO] 跳转到首页 (wework_app.py:59)
2022-03-10 11:36:52 [INFO] 点击通讯录 (main_page.py:15)
2022-03-10 11:36:53 [INFO] 跳转到通讯录列表页 (main_page.py:23)
2022-03-10 11:36:53 [INFO] 点击放大镜 (addressList_page.py:24)
2022-03-10 11:36:54 [INFO] 跳转到搜索页 (addressList_page.py:28)
2022-03-10 11:36:54 [INFO] 输入搜索词 (search_page.py:15)
2022-03-10 11:36:57 [INFO] 有搜索结果 (search_page.py:27)
2022-03-10 11:36:57 [INFO] 点击第一个联系人 (search_page.py:30)
2022-03-10 11:36:58 [INFO] 跳转到个人信息页 (search_page.py:33)
2022-03-10 11:36:58 [INFO] 点击右上角的三个点 (userInfo_page.py:10)
2022-03-10 11:36:58 [INFO] 跳转到个人信息编辑页 (userInfo_page.py:13)
2022-03-10 11:36:58 [INFO] 点击编辑成员 (userInfo_edit_page.py:9)
2022-03-10 11:37:00 [INFO] 跳转到编辑成员页 (userInfo_edit_page.py:11)
2022-03-10 11:37:00 [INFO] 点击删除 (editMember_page.py:28)
2022-03-10 11:37:02 [INFO] 点击确定 (editMember_page.py:30)
2022-03-10 11:37:02 [INFO] 跳转到搜索结果页，获取删除后的联系人个数 (editMember_page.py:32)
2022-03-10 11:37:05 [INFO] 完成本次测试 (test_wework.py:39)
2022-03-10 11:37:06 [INFO] 结束测试 (test_wework.py:43)
