2022-03-09 20:16:59 [INFO] 开始测试 (test_addMember.py:15)
2022-03-09 20:16:59 [INFO] 开始本次测试 (wework_app.py:13)
2022-03-09 20:17:06 [INFO] 跳转到首页 (wework_app.py:57)
2022-03-09 20:17:06 [INFO] 输入数据：('zenghuan11', '13745210010') (test_addMember.py:36)
2022-03-09 20:17:06 [INFO] 点击通讯录 (main_page.py:15)
2022-03-09 20:17:07 [INFO] 跳转到通讯录列表页 (main_page.py:23)
2022-03-09 20:17:07 [INFO] 点击添加成员 (addressList_page.py:16)
2022-03-09 20:17:07 [INFO] 跳转到添加成员页 (addressList_page.py:20)
2022-03-09 20:17:07 [INFO] 点击手动输入添加 (addMember_page.py:12)
2022-03-09 20:17:09 [INFO] 跳转到编辑成员页 (addMember_page.py:15)
2022-03-09 20:17:09 [INFO] 输入用户名 (editMember_page.py:14)
2022-03-09 20:17:10 [INFO] 输入手机号 (editMember_page.py:16)
2022-03-09 20:17:11 [INFO] 点击保存 (editMember_page.py:18)
2022-03-09 20:17:12 [INFO] 保存成功，弹层toast (editMember_page.py:20)
2022-03-09 20:17:24 [INFO] 开始本次测试 (wework_app.py:13)
2022-03-09 20:17:24 [INFO] 跳转到首页 (wework_app.py:57)
2022-03-09 20:17:24 [INFO] 输入数据：('zenghuan22', '13745210011') (test_addMember.py:36)
2022-03-09 20:17:24 [INFO] 点击通讯录 (main_page.py:15)
2022-03-09 20:17:35 [INFO] 开始本次测试 (wework_app.py:13)
2022-03-09 20:17:35 [INFO] 跳转到首页 (wework_app.py:57)
2022-03-09 20:17:35 [INFO] 输入数据：('zenghuan33', '13745210022') (test_addMember.py:36)
2022-03-09 20:17:35 [INFO] 点击通讯录 (main_page.py:15)
2022-03-09 20:17:36 [INFO] 跳转到通讯录列表页 (main_page.py:23)
2022-03-09 20:17:36 [INFO] 点击添加成员 (addressList_page.py:16)
2022-03-09 20:17:37 [INFO] 跳转到添加成员页 (addressList_page.py:20)
2022-03-09 20:17:37 [INFO] 点击手动输入添加 (addMember_page.py:12)
2022-03-09 20:17:38 [INFO] 跳转到编辑成员页 (addMember_page.py:15)
2022-03-09 20:17:38 [INFO] 输入用户名 (editMember_page.py:14)
2022-03-09 20:17:39 [INFO] 输入手机号 (editMember_page.py:16)
2022-03-09 20:17:41 [INFO] 点击保存 (editMember_page.py:18)
2022-03-09 20:17:41 [INFO] 保存成功，弹层toast (editMember_page.py:20)
2022-03-09 20:17:53 [INFO] 结束测试 (test_addMember.py:29)
2022-03-09 20:17:53 [INFO] 完成本次测试 (wework_app.py:64)
