2022-03-10 11:55:33 [INFO] 开始企业微信测试 (test_wework.py:29)
2022-03-10 11:55:33 [INFO] 开始本次测试 (wework_app.py:15)
2022-03-10 11:55:39 [INFO] 跳转到首页 (wework_app.py:59)
2022-03-10 11:55:39 [INFO] 点击通讯录 (main_page.py:15)
2022-03-10 11:55:41 [INFO] 跳转到通讯录列表页 (main_page.py:23)
2022-03-10 11:55:41 [INFO] 点击放大镜 (addressList_page.py:23)
2022-03-10 11:55:43 [INFO] 跳转到搜索页 (addressList_page.py:27)
2022-03-10 11:55:43 [INFO] 输入搜索词 (search_page.py:17)
2022-03-10 11:55:46 [INFO] 有搜索结果 (search_page.py:29)
2022-03-10 11:55:47 [INFO] 点击第一个联系人 (search_page.py:32)
2022-03-10 11:55:48 [INFO] 跳转到个人信息页 (search_page.py:36)
2022-03-10 11:55:48 [INFO] 点击右上角的三个点 (userInfo_page.py:12)
2022-03-10 11:55:48 [INFO] 跳转到个人信息编辑页 (userInfo_page.py:16)
2022-03-10 11:55:48 [INFO] 点击编辑成员 (userInfo_edit_page.py:12)
2022-03-10 11:55:49 [INFO] 跳转到编辑成员页 (userInfo_edit_page.py:15)
2022-03-10 11:55:49 [INFO] 点击删除 (editMember_page.py:39)
2022-03-10 11:55:51 [INFO] 点击确定 (editMember_page.py:41)
2022-03-10 11:55:52 [INFO] 跳转到搜索结果页，获取删除后的联系人个数 (editMember_page.py:44)
2022-03-10 11:55:55 [INFO] 完成本次测试 (test_wework.py:39)
2022-03-10 11:55:56 [INFO] 结束测试 (test_wework.py:43)
