2022-02-17 19:07:30 [INFO] 加法用例P1_1级别 (test_calc_fixture_param.py:57)
2022-02-17 19:07:30 [INFO] 输入数据：(98.99, 99)，预期数据：197.99 (test_calc_fixture_param.py:58)
2022-02-17 19:07:30 [INFO] 加法用例P1_1级别 (test_calc_fixture_param.py:57)
2022-02-17 19:07:30 [INFO] 输入数据：(99, 98.99)，预期数据：197.99 (test_calc_fixture_param.py:58)
2022-02-17 19:07:30 [INFO] 加法用例P1_1级别 (test_calc_fixture_param.py:57)
2022-02-17 19:07:30 [INFO] 输入数据：(-98.99, -99)，预期数据：-197.99 (test_calc_fixture_param.py:58)
2022-02-17 19:07:30 [INFO] 加法用例P1_1级别 (test_calc_fixture_param.py:57)
2022-02-17 19:07:30 [INFO] 输入数据：(-99, -98.99)，预期数据：-197.99 (test_calc_fixture_param.py:58)
2022-02-17 19:07:30 [INFO] 加法用例P1_2级别 (test_calc_fixture_param.py:78)
2022-02-17 19:07:30 [INFO] 输入数据：(99.01, 0)，预期数据：参数大小超出范围 (test_calc_fixture_param.py:79)
2022-02-17 19:07:30 [INFO] 加法用例P1_2级别 (test_calc_fixture_param.py:78)
2022-02-17 19:07:30 [INFO] 输入数据：(-99.01, -1)，预期数据：参数大小超出范围 (test_calc_fixture_param.py:79)
2022-02-17 19:07:31 [INFO] 加法用例P1_2级别 (test_calc_fixture_param.py:78)
2022-02-17 19:07:31 [INFO] 输入数据：(2, 99.01)，预期数据：参数大小超出范围 (test_calc_fixture_param.py:79)
2022-02-17 19:07:31 [INFO] 加法用例P1_2级别 (test_calc_fixture_param.py:78)
2022-02-17 19:07:31 [INFO] 输入数据：(1, -99.01)，预期数据：参数大小超出范围 (test_calc_fixture_param.py:79)
2022-02-17 19:07:31 [INFO] 加法用例P0级别 (test_calc_fixture_param.py:40)
2022-02-17 19:07:31 [INFO] 输入数据：(1, 1)，预期数据：3 (test_calc_fixture_param.py:41)
2022-02-17 19:07:31 [INFO] 加法用例P0级别 (test_calc_fixture_param.py:40)
2022-02-17 19:07:31 [INFO] 输入数据：(-0.01, 0.02)，预期数据：0.01 (test_calc_fixture_param.py:41)
2022-02-17 19:07:31 [INFO] 加法用例P0级别 (test_calc_fixture_param.py:40)
2022-02-17 19:07:31 [INFO] 输入数据：(10, 0.02)，预期数据：10.02 (test_calc_fixture_param.py:41)
